<?xml version="1.0" encoding="UTF-8"?>
<!-- Generated by org.testng.reporters.JUnitReportReporter -->
<testsuite name="com.CRMVtiger.Contact_SelectCheckBox_MassEdit_Test" tests="1" time="42.222" ignored="0" failures="0" timestamp="02 Jan 2020 12:58:00 GMT" skipped="0" hostname="Kaps-PC" errors="1">
  <testcase name="contact_SelectCheckBox_MassEdit_Test" time="42.222" classname="com.CRMVtiger.Contact_SelectCheckBox_MassEdit_Test">
    <error type="java.io.IOException" message="org/apache/commons/compress/archivers/zip/ZipFile">
      <![CDATA[java.io.IOException: org/apache/commons/compress/archivers/zip/ZipFile
	at org.apache.poi.ss.usermodel.WorkbookFactory.createWorkbook(WorkbookFactory.java:353)
	at org.apache.poi.ss.usermodel.WorkbookFactory.createXSSFWorkbook(WorkbookFactory.java:316)
	at org.apache.poi.ss.usermodel.WorkbookFactory.create(WorkbookFactory.java:234)
	at org.apache.poi.ss.usermodel.WorkbookFactory.create(WorkbookFactory.java:200)
	at com.CRMVtiger.genericLib.FileLib.getExcelData(FileLib.java:30)
	at com.CRMVtiger.Contact_SelectCheckBox_MassEdit_Test.contact_SelectCheckBox_MassEdit_Test(Contact_SelectCheckBox_MassEdit_Test.java:41)
	at sun.reflect.NativeMethodAccessorImpl.invoke0(Native Method)
	at sun.reflect.NativeMethodAccessorImpl.invoke(NativeMethodAccessorImpl.java:62)
	at sun.reflect.DelegatingMethodAccessorImpl.invoke(DelegatingMethodAccessorImpl.java:43)
	at java.lang.reflect.Method.invoke(Method.java:498)
	at org.testng.internal.MethodInvocationHelper.invokeMethod(MethodInvocationHelper.java:104)
	at org.testng.internal.Invoker.invokeMethod(Invoker.java:645)
	at org.testng.internal.Invoker.invokeTestMethod(Invoker.java:851)
	at org.testng.internal.Invoker.invokeTestMethods(Invoker.java:1177)
	at org.testng.internal.TestMethodWorker.invokeTestMethods(TestMethodWorker.java:129)
	at org.testng.internal.TestMethodWorker.run(TestMethodWorker.java:112)
	at org.testng.TestRunner.privateRun(TestRunner.java:756)
	at org.testng.TestRunner.run(TestRunner.java:610)
	at org.testng.SuiteRunner.runTest(SuiteRunner.java:387)
	at org.testng.SuiteRunner.runSequentially(SuiteRunner.java:382)
	at org.testng.SuiteRunner.privateRun(SuiteRunner.java:340)
	at org.testng.SuiteRunner.run(SuiteRunner.java:289)
	at org.testng.SuiteRunnerWorker.runSuite(SuiteRunnerWorker.java:52)
	at org.testng.SuiteRunnerWorker.run(SuiteRunnerWorker.java:86)
	at org.testng.TestNG.runSuitesSequentially(TestNG.java:1293)
	at org.testng.TestNG.runSuitesLocally(TestNG.java:1218)
	at org.testng.TestNG.runSuites(TestNG.java:1133)
	at org.testng.TestNG.run(TestNG.java:1104)
	at org.testng.remote.AbstractRemoteTestNG.run(AbstractRemoteTestNG.java:114)
	at org.testng.remote.RemoteTestNG.initAndRun(RemoteTestNG.java:251)
	at org.testng.remote.RemoteTestNG.main(RemoteTestNG.java:77)
Caused by: java.lang.NoClassDefFoundError: org/apache/commons/compress/archivers/zip/ZipFile
	at org.apache.poi.openxml4j.opc.OPCPackage.open(OPCPackage.java:307)
	at org.apache.poi.xssf.usermodel.XSSFWorkbookFactory.createWorkbook(XSSFWorkbookFactory.java:134)
	at sun.reflect.NativeMethodAccessorImpl.invoke0(Native Method)
	at sun.reflect.NativeMethodAccessorImpl.invoke(NativeMethodAccessorImpl.java:62)
	at sun.reflect.DelegatingMethodAccessorImpl.invoke(DelegatingMethodAccessorImpl.java:43)
	at java.lang.reflect.Method.invoke(Method.java:498)
	at org.apache.poi.ss.usermodel.WorkbookFactory.createWorkbook(WorkbookFactory.java:341)
	... 30 more
Caused by: java.lang.ClassNotFoundException: org.apache.commons.compress.archivers.zip.ZipFile
	at java.net.URLClassLoader.findClass(URLClassLoader.java:381)
	at java.lang.ClassLoader.loadClass(ClassLoader.java:424)
	at sun.misc.Launcher$AppClassLoader.loadClass(Launcher.java:338)
	at java.lang.ClassLoader.loadClass(ClassLoader.java:357)
	... 37 more
]]>
    </error>
  </testcase> <!-- contact_SelectCheckBox_MassEdit_Test -->
</testsuite> <!-- com.CRMVtiger.Contact_SelectCheckBox_MassEdit_Test -->
